unityLibrary/build/intermediates/manifest_merge_blame_file/debug/manifest-merger-blame-debug-report.txt
1<?xml version="1.0" encoding="utf-8"?>
2<manifest xmlns:android="http://schemas.android.com/apk/res/android"
3    xmlns:tools="http://schemas.android.com/tools"
4    package="com.unity3d.player"
5    android:versionCode="1072"
6    android:versionName="10.7.2" >
7
8    <uses-sdk
9        android:minSdkVersion="26"
9-->src\main\AndroidManifest.xml
10        android:targetSdkVersion="29" />
10-->src\main\AndroidManifest.xml
11
12    <uses-feature android:glEsVersion="0x00020000" />
12-->src\main\AndroidManifest.xml:6:5-54
12-->src\main\AndroidManifest.xml:6:19-51
13
14    <uses-permission android:name="android.permission.CAMERA" />
14-->src\main\AndroidManifest.xml:8:5-65
14-->src\main\AndroidManifest.xml:8:22-62
15
16    <uses-feature
16-->src\main\AndroidManifest.xml:10:5-12:36
17        android:name="android.hardware.camera"
17-->src\main\AndroidManifest.xml:11:9-47
18        android:required="false" />
18-->src\main\AndroidManifest.xml:12:9-33
19    <uses-feature
19-->src\main\AndroidManifest.xml:13:5-15:36
20        android:name="android.hardware.camera.autofocus"
20-->src\main\AndroidManifest.xml:14:9-57
21        android:required="false" />
21-->src\main\AndroidManifest.xml:15:9-33
22    <uses-feature
22-->src\main\AndroidManifest.xml:16:5-18:36
23        android:name="android.hardware.camera.front"
23-->src\main\AndroidManifest.xml:17:9-53
24        android:required="false" />
24-->src\main\AndroidManifest.xml:18:9-33
25    <uses-feature
25-->src\main\AndroidManifest.xml:19:5-21:36
26        android:name="android.hardware.touchscreen"
26-->src\main\AndroidManifest.xml:20:9-52
27        android:required="false" />
27-->src\main\AndroidManifest.xml:21:9-33
28    <uses-feature
28-->src\main\AndroidManifest.xml:22:5-24:36
29        android:name="android.hardware.touchscreen.multitouch"
29-->src\main\AndroidManifest.xml:23:9-63
30        android:required="false" />
30-->src\main\AndroidManifest.xml:24:9-33
31    <uses-feature
31-->src\main\AndroidManifest.xml:25:5-27:36
32        android:name="android.hardware.touchscreen.multitouch.distinct"
32-->src\main\AndroidManifest.xml:26:9-72
33        android:required="false" />
33-->src\main\AndroidManifest.xml:27:9-33
34
35    <application>
35-->src\main\AndroidManifest.xml:29:5-73:19
36        <activity
36-->src\main\AndroidManifest.xml:30:9-32:40
37            android:name="com.unity3d.player.MainActivity"
37-->src\main\AndroidManifest.xml:31:13-41
38            android:exported="false" />
38-->src\main\AndroidManifest.xml:32:13-37
39        <activity
39-->src\main\AndroidManifest.xml:33:9-53:20
40            android:name="com.unity3d.player.UnityPlayerActivity"
40-->src\main\AndroidManifest.xml:34:13-48
41            android:configChanges="mcc|mnc|locale|touchscreen|keyboard|keyboardHidden|navigation|orientation|screenLayout|uiMode|screenSize|smallestScreenSize|fontScale|layoutDirection|density"
41-->src\main\AndroidManifest.xml:35:13-194
42            android:hardwareAccelerated="false"
42-->src\main\AndroidManifest.xml:36:13-48
43            android:launchMode="singleTask"
43-->src\main\AndroidManifest.xml:37:13-44
44            android:resizeableActivity="false"
44-->src\main\AndroidManifest.xml:38:13-47
45            android:screenOrientation="portrait"
45-->src\main\AndroidManifest.xml:39:13-49
46            android:theme="@style/UnityThemeSelector" >
46-->src\main\AndroidManifest.xml:40:13-54
47            <intent-filter>
47-->src\main\AndroidManifest.xml:41:13-45:29
48                <action android:name="android.intent.action.MAIN" />
48-->src\main\AndroidManifest.xml:42:17-69
48-->src\main\AndroidManifest.xml:42:25-66
49
50                <category android:name="android.intent.category.DEFAULT" />
50-->src\main\AndroidManifest.xml:44:17-76
50-->src\main\AndroidManifest.xml:44:27-73
51            </intent-filter>
52
53            <meta-data
53-->src\main\AndroidManifest.xml:47:13-49:40
54                android:name="unityplayer.UnityActivity"
54-->src\main\AndroidManifest.xml:48:17-57
55                android:value="true" />
55-->src\main\AndroidManifest.xml:49:17-37
56            <meta-data
56-->src\main\AndroidManifest.xml:50:13-52:40
57                android:name="android.notch_support"
57-->src\main\AndroidManifest.xml:51:17-53
58                android:value="true" />
58-->src\main\AndroidManifest.xml:52:17-37
59        </activity>
60
61        <meta-data
61-->src\main\AndroidManifest.xml:55:9-57:33
62            android:name="unity.splash-mode"
62-->src\main\AndroidManifest.xml:56:13-45
63            android:value="0" />
63-->src\main\AndroidManifest.xml:57:13-30
64        <meta-data
64-->src\main\AndroidManifest.xml:58:9-60:36
65            android:name="unity.splash-enable"
65-->src\main\AndroidManifest.xml:59:13-47
66            android:value="True" />
66-->src\main\AndroidManifest.xml:60:13-33
67        <meta-data
67-->src\main\AndroidManifest.xml:61:9-63:37
68            android:name="unity.allow-resizable-window"
68-->src\main\AndroidManifest.xml:62:13-56
69            android:value="False" />
69-->src\main\AndroidManifest.xml:63:13-34
70        <meta-data
70-->src\main\AndroidManifest.xml:64:9-66:50
71            android:name="notch.config"
71-->src\main\AndroidManifest.xml:65:13-40
72            android:value="portrait|landscape" />
72-->src\main\AndroidManifest.xml:66:13-47
73        <meta-data
73-->src\main\AndroidManifest.xml:67:9-69:68
74            android:name="unity.build-id"
74-->src\main\AndroidManifest.xml:68:13-42
75            android:value="73436dd6-853a-4dc0-955c-5084d7da88c3" />
75-->src\main\AndroidManifest.xml:69:13-65
76        <meta-data
76-->src\main\AndroidManifest.xml:70:9-72:40
77            android:name="com.google.ar.core"
77-->src\main\AndroidManifest.xml:71:13-46
78            android:value="optional" />
78-->src\main\AndroidManifest.xml:72:13-37
79    </application>
80
81</manifest>